# JRE version: OpenJDK Runtime Environment (17.0.11) (build 17.0.11+0--11852314)
# Java VM: OpenJDK 64-Bit Server VM (17.0.11+0--11852314, mixed mode, tiered, compressed oops, compressed class ptrs, g1 gc, windows-amd64)
GC Precious Log:
 CPUs: 4 total, 4 available
 Memory: 2979M
 Large Page Support: Disabled
 NUMA Support: Disabled
 Compressed Oops: Enabled (32-bit)
 Heap Region Size: 1M
 Heap Min Capacity: 8M
 Heap Initial Capacity: 48M
 Heap Max Capacity: 2G
 Pre-touch: Disabled
 Parallel Workers: 4
 Concurrent Workers: 1
 Concurrent Refinement Workers: 4
 Periodic GC: Disabled
Heap:
 garbage-first heap   total 83968K, used 52051K [0x0000000080000000, 0x0000000100000000)
  region size 1024K, 8 young (8192K), 2 survivors (2048K)
 Metaspace       used 45035K, committed 45440K, reserved 1114112K
  class space    used 6072K, committed 6272K, reserved 1048576K
GC Heap History (20 events):
Event: 14.990 GC heap before
{Heap before GC invocations=14 (full 0):
 garbage-first heap   total 51200K, used 29543K [0x0000000080000000, 0x0000000100000000)
  region size 1024K, 3 young (3072K), 2 survivors (2048K)
 Metaspace       used 31831K, committed 32128K, reserved 1114112K
  class space    used 4294K, committed 4416K, reserved 1048576K
}
Event: 14.995 GC heap after
{Heap after GC invocations=15 (full 0):
 garbage-first heap   total 51200K, used 30284K [0x0000000080000000, 0x0000000100000000)
  region size 1024K, 2 young (2048K), 2 survivors (2048K)
 Metaspace       used 31831K, committed 32128K, reserved 1114112K
  class space    used 4294K, committed 4416K, reserved 1048576K
}
Event: 15.222 GC heap before
{Heap before GC invocations=16 (full 0):
 garbage-first heap   total 58368K, used 35404K [0x0000000080000000, 0x0000000100000000)
  region size 1024K, 6 young (6144K), 2 survivors (2048K)
 Metaspace       used 32039K, committed 32384K, reserved 1114112K
  class space    used 4331K, committed 4480K, reserved 1048576K
}
Event: 15.226 GC heap after
{Heap after GC invocations=17 (full 0):
 garbage-first heap   total 58368K, used 35282K [0x0000000080000000, 0x0000000100000000)
  region size 1024K, 2 young (2048K), 2 survivors (2048K)
 Metaspace       used 32039K, committed 32384K, reserved 1114112K
  class space    used 4331K, committed 4480K, reserved 1048576K
}
Event: 15.359 GC heap before
{Heap before GC invocations=18 (full 0):
 garbage-first heap   total 66560K, used 39378K [0x0000000080000000, 0x0000000100000000)
  region size 1024K, 4 young (4096K), 2 survivors (2048K)
 Metaspace       used 32165K, committed 32448K, reserved 1114112K
  class space    used 4345K, committed 4480K, reserved 1048576K
}
Event: 15.364 GC heap after
{Heap after GC invocations=19 (full 0):
 garbage-first heap   total 66560K, used 39111K [0x0000000080000000, 0x0000000100000000)
  region size 1024K, 1 young (1024K), 1 survivors (1024K)
 Metaspace       used 32165K, committed 32448K, reserved 1114112K
  class space    used 4345K, committed 4480K, reserved 1048576K
}
Event: 16.107 GC heap before
{Heap before GC invocations=20 (full 0):
 garbage-first heap   total 70656K, used 48327K [0x0000000080000000, 0x0000000100000000)
  region size 1024K, 10 young (10240K), 1 survivors (1024K)
 Metaspace       used 33536K, committed 33920K, reserved 1114112K
  class space    used 4541K, committed 4736K, reserved 1048576K
}
Event: 16.110 GC heap after
{Heap after GC invocations=21 (full 0):
 garbage-first heap   total 70656K, used 40792K [0x0000000080000000, 0x0000000100000000)
  region size 1024K, 2 young (2048K), 2 survivors (2048K)
 Metaspace       used 33536K, committed 33920K, reserved 1114112K
  class space    used 4541K, committed 4736K, reserved 1048576K
}
Event: 16.697 GC heap before
{Heap before GC invocations=21 (full 0):
 garbage-first heap   total 70656K, used 51032K [0x0000000080000000, 0x0000000100000000)
  region size 1024K, 13 young (13312K), 2 survivors (2048K)
 Metaspace       used 34703K, committed 35072K, reserved 1114112K
  class space    used 4750K, committed 4928K, reserved 1048576K
}
Event: 16.701 GC heap after
{Heap after GC invocations=22 (full 0):
 garbage-first heap   total 70656K, used 41409K [0x0000000080000000, 0x0000000100000000)
  region size 1024K, 2 young (2048K), 2 survivors (2048K)
 Metaspace       used 34703K, committed 35072K, reserved 1114112K
  class space    used 4750K, committed 4928K, reserved 1048576K
}
Event: 17.153 GC heap before
{Heap before GC invocations=23 (full 0):
 garbage-first heap   total 75776K, used 52673K [0x0000000080000000, 0x0000000100000000)
  region size 1024K, 13 young (13312K), 2 survivors (2048K)
 Metaspace       used 36060K, committed 36416K, reserved 1114112K
  class space    used 4968K, committed 5120K, reserved 1048576K
}
Event: 17.158 GC heap after
{Heap after GC invocations=24 (full 0):
 garbage-first heap   total 75776K, used 41941K [0x0000000080000000, 0x0000000100000000)
  region size 1024K, 2 young (2048K), 2 survivors (2048K)
 Metaspace       used 36060K, committed 36416K, reserved 1114112K
  class space    used 4968K, committed 5120K, reserved 1048576K
}
Event: 18.105 GC heap before
{Heap before GC invocations=24 (full 0):
 garbage-first heap   total 75776K, used 56277K [0x0000000080000000, 0x0000000100000000)
  region size 1024K, 17 young (17408K), 2 survivors (2048K)
 Metaspace       used 38380K, committed 38848K, reserved 1114112K
  class space    used 5343K, committed 5568K, reserved 1048576K
}
Event: 18.110 GC heap after
{Heap after GC invocations=25 (full 0):
 garbage-first heap   total 75776K, used 42479K [0x0000000080000000, 0x0000000100000000)
  region size 1024K, 2 young (2048K), 2 survivors (2048K)
 Metaspace       used 38380K, committed 38848K, reserved 1114112K
  class space    used 5343K, committed 5568K, reserved 1048576K
}
Event: 19.042 GC heap before
{Heap before GC invocations=26 (full 0):
 garbage-first heap   total 75776K, used 58863K [0x0000000080000000, 0x0000000100000000)
  region size 1024K, 18 young (18432K), 2 survivors (2048K)
 Metaspace       used 41670K, committed 42112K, reserved 1114112K
  class space    used 5691K, committed 5888K, reserved 1048576K
}
Event: 19.049 GC heap after
{Heap after GC invocations=27 (full 0):
 garbage-first heap   total 75776K, used 44337K [0x0000000080000000, 0x0000000100000000)
  region size 1024K, 3 young (3072K), 3 survivors (3072K)
 Metaspace       used 41670K, committed 42112K, reserved 1114112K
  class space    used 5691K, committed 5888K, reserved 1048576K
}
Event: 19.810 GC heap before
{Heap before GC invocations=27 (full 0):
 garbage-first heap   total 75776K, used 58673K [0x0000000080000000, 0x0000000100000000)
  region size 1024K, 18 young (18432K), 3 survivors (3072K)
 Metaspace       used 44664K, committed 45056K, reserved 1114112K
  class space    used 6031K, committed 6208K, reserved 1048576K
}
Event: 19.821 GC heap after
{Heap after GC invocations=28 (full 0):
 garbage-first heap   total 75776K, used 46758K [0x0000000080000000, 0x0000000100000000)
  region size 1024K, 3 young (3072K), 3 survivors (3072K)
 Metaspace       used 44664K, committed 45056K, reserved 1114112K
  class space    used 6031K, committed 6208K, reserved 1048576K
}
Event: 20.109 GC heap before
{Heap before GC invocations=29 (full 0):
 garbage-first heap   total 83968K, used 60070K [0x0000000080000000, 0x0000000100000000)
  region size 1024K, 16 young (16384K), 3 survivors (3072K)
 Metaspace       used 44689K, committed 45056K, reserved 1114112K
  class space    used 6034K, committed 6208K, reserved 1048576K
}
Event: 20.114 GC heap after
{Heap after GC invocations=30 (full 0):
 garbage-first heap   total 83968K, used 46931K [0x0000000080000000, 0x0000000100000000)
  region size 1024K, 2 young (2048K), 2 survivors (2048K)
 Metaspace       used 44689K, committed 45056K, reserved 1114112K
  class space    used 6034K, committed 6208K, reserved 1048576K
}

