# JRE version: OpenJDK Runtime Environment (17.0.11) (build 17.0.11+0--11852314)
# Java VM: OpenJDK 64-Bit Server VM (17.0.11+0--11852314, mixed mode, tiered, compressed oops, compressed class ptrs, g1 gc, windows-amd64)
GC Precious Log:
 CPUs: 4 total, 4 available
 Memory: 2979M
 Large Page Support: Disabled
 NUMA Support: Disabled
 Compressed Oops: Enabled (32-bit)
 Heap Region Size: 1M
 Heap Min Capacity: 8M
 Heap Initial Capacity: 48M
 Heap Max Capacity: 2G
 Pre-touch: Disabled
 Parallel Workers: 4
 Concurrent Workers: 1
 Concurrent Refinement Workers: 4
 Periodic GC: Disabled
Heap:
 garbage-first heap   total 369664K, used 183360K [0x0000000080000000, 0x0000000100000000)
  region size 1024K, 1 young (1024K), 1 survivors (1024K)
 Metaspace       used 153086K, committed 154176K, reserved 1245184K
  class space    used 21418K, committed 21888K, reserved 1048576K
GC Heap History (20 events):
Event: 5526.053 GC heap after
{Heap after GC invocations=64 (full 0):
 garbage-first heap   total 283648K, used 136141K [0x0000000080000000, 0x0000000100000000)
  region size 1024K, 2 young (2048K), 2 survivors (2048K)
 Metaspace       used 135313K, committed 136192K, reserved 1179648K
  class space    used 18678K, committed 19136K, reserved 1048576K
}
Event: 5527.251 GC heap before
{Heap before GC invocations=64 (full 0):
 garbage-first heap   total 283648K, used 154573K [0x0000000080000000, 0x0000000100000000)
  region size 1024K, 13 young (13312K), 2 survivors (2048K)
 Metaspace       used 135693K, committed 136576K, reserved 1179648K
  class space    used 18744K, committed 19200K, reserved 1048576K
}
Event: 5527.314 GC heap after
{Heap after GC invocations=65 (full 0):
 garbage-first heap   total 283648K, used 147456K [0x0000000080000000, 0x0000000100000000)
  region size 1024K, 2 young (2048K), 2 survivors (2048K)
 Metaspace       used 135693K, committed 136576K, reserved 1179648K
  class space    used 18744K, committed 19200K, reserved 1048576K
}
Event: 5528.024 GC heap before
{Heap before GC invocations=65 (full 0):
 garbage-first heap   total 283648K, used 162816K [0x0000000080000000, 0x0000000100000000)
  region size 1024K, 13 young (13312K), 2 survivors (2048K)
 Metaspace       used 136491K, committed 137408K, reserved 1179648K
  class space    used 18844K, committed 19264K, reserved 1048576K
}
Event: 5528.057 GC heap after
{Heap after GC invocations=66 (full 0):
 garbage-first heap   total 283648K, used 154483K [0x0000000080000000, 0x0000000100000000)
  region size 1024K, 2 young (2048K), 2 survivors (2048K)
 Metaspace       used 136491K, committed 137408K, reserved 1179648K
  class space    used 18844K, committed 19264K, reserved 1048576K
}
Event: 5528.264 GC heap before
{Heap before GC invocations=66 (full 0):
 garbage-first heap   total 283648K, used 165747K [0x0000000080000000, 0x0000000100000000)
  region size 1024K, 13 young (13312K), 2 survivors (2048K)
 Metaspace       used 136578K, committed 137600K, reserved 1179648K
  class space    used 18863K, committed 19328K, reserved 1048576K
}
Event: 5528.292 GC heap after
{Heap after GC invocations=67 (full 0):
 garbage-first heap   total 369664K, used 154880K [0x0000000080000000, 0x0000000100000000)
  region size 1024K, 1 young (1024K), 1 survivors (1024K)
 Metaspace       used 136578K, committed 137600K, reserved 1179648K
  class space    used 18863K, committed 19328K, reserved 1048576K
}
Event: 5530.393 GC heap before
{Heap before GC invocations=67 (full 0):
 garbage-first heap   total 369664K, used 172288K [0x0000000080000000, 0x0000000100000000)
  region size 1024K, 19 young (19456K), 1 survivors (1024K)
 Metaspace       used 137035K, committed 138048K, reserved 1179648K
  class space    used 18924K, committed 19392K, reserved 1048576K
}
Event: 5530.409 GC heap after
{Heap after GC invocations=68 (full 0):
 garbage-first heap   total 369664K, used 157696K [0x0000000080000000, 0x0000000100000000)
  region size 1024K, 3 young (3072K), 3 survivors (3072K)
 Metaspace       used 137035K, committed 138048K, reserved 1179648K
  class space    used 18924K, committed 19392K, reserved 1048576K
}
Event: 5531.654 GC heap before
{Heap before GC invocations=68 (full 0):
 garbage-first heap   total 369664K, used 173056K [0x0000000080000000, 0x0000000100000000)
  region size 1024K, 18 young (18432K), 3 survivors (3072K)
 Metaspace       used 138928K, committed 139968K, reserved 1179648K
  class space    used 19241K, committed 19712K, reserved 1048576K
}
Event: 5531.702 GC heap after
{Heap after GC invocations=69 (full 0):
 garbage-first heap   total 369664K, used 158271K [0x0000000080000000, 0x0000000100000000)
  region size 1024K, 1 young (1024K), 1 survivors (1024K)
 Metaspace       used 138928K, committed 139968K, reserved 1179648K
  class space    used 19241K, committed 19712K, reserved 1048576K
}
Event: 5534.461 GC heap before
{Heap before GC invocations=69 (full 0):
 garbage-first heap   total 369664K, used 194111K [0x0000000080000000, 0x0000000100000000)
  region size 1024K, 36 young (36864K), 1 survivors (1024K)
 Metaspace       used 143607K, committed 144640K, reserved 1179648K
  class space    used 20251K, committed 20736K, reserved 1048576K
}
Event: 5534.483 GC heap after
{Heap after GC invocations=70 (full 0):
 garbage-first heap   total 369664K, used 159793K [0x0000000080000000, 0x0000000100000000)
  region size 1024K, 3 young (3072K), 3 survivors (3072K)
 Metaspace       used 143607K, committed 144640K, reserved 1179648K
  class space    used 20251K, committed 20736K, reserved 1048576K
}
Event: 5535.866 GC heap before
{Heap before GC invocations=70 (full 0):
 garbage-first heap   total 369664K, used 204849K [0x0000000080000000, 0x0000000100000000)
  region size 1024K, 47 young (48128K), 3 survivors (3072K)
 Metaspace       used 150289K, committed 151360K, reserved 1179648K
  class space    used 21082K, committed 21568K, reserved 1048576K
}
Event: 5535.883 GC heap after
{Heap after GC invocations=71 (full 0):
 garbage-first heap   total 369664K, used 161114K [0x0000000080000000, 0x0000000100000000)
  region size 1024K, 4 young (4096K), 4 survivors (4096K)
 Metaspace       used 150289K, committed 151360K, reserved 1179648K
  class space    used 21082K, committed 21568K, reserved 1048576K
}
Event: 5536.866 GC heap before
{Heap before GC invocations=71 (full 0):
 garbage-first heap   total 369664K, used 229722K [0x0000000080000000, 0x0000000100000000)
  region size 1024K, 64 young (65536K), 4 survivors (4096K)
 Metaspace       used 151417K, committed 152576K, reserved 1245184K
  class space    used 21206K, committed 21696K, reserved 1048576K
}
Event: 5537.061 GC heap after
{Heap after GC invocations=72 (full 0):
 garbage-first heap   total 369664K, used 177458K [0x0000000080000000, 0x0000000100000000)
  region size 1024K, 8 young (8192K), 8 survivors (8192K)
 Metaspace       used 151417K, committed 152576K, reserved 1245184K
  class space    used 21206K, committed 21696K, reserved 1048576K
}
Event: 5537.402 GC heap before
{Heap before GC invocations=72 (full 0):
 garbage-first heap   total 369664K, used 190770K [0x0000000080000000, 0x0000000100000000)
  region size 1024K, 21 young (21504K), 8 survivors (8192K)
 Metaspace       used 151624K, committed 152704K, reserved 1245184K
  class space    used 21227K, committed 21696K, reserved 1048576K
}
Event: 5537.450 GC heap after
{Heap after GC invocations=73 (full 0):
 garbage-first heap   total 369664K, used 182106K [0x0000000080000000, 0x0000000100000000)
  region size 1024K, 3 young (3072K), 3 survivors (3072K)
 Metaspace       used 151624K, committed 152704K, reserved 1245184K
  class space    used 21227K, committed 21696K, reserved 1048576K
}
Event: 5537.940 GC heap before
{Heap before GC invocations=73 (full 0):
 garbage-first heap   total 369664K, used 196442K [0x0000000080000000, 0x0000000100000000)
  region size 1024K, 18 young (18432K), 3 survivors (3072K)
 Metaspace       used 153086K, committed 154176K, reserved 1245184K
  class space    used 21418K, committed 21888K, reserved 1048576K
}

