# JRE version: OpenJDK Runtime Environment (17.0.11) (build 17.0.11+0--11852314)
# Java VM: OpenJDK 64-Bit Server VM (17.0.11+0--11852314, mixed mode, tiered, compressed oops, compressed class ptrs, g1 gc, windows-amd64)
GC Precious Log:
 CPUs: 4 total, 4 available
 Memory: 2979M
 Large Page Support: Disabled
 NUMA Support: Disabled
 Compressed Oops: Enabled (32-bit)
 Heap Region Size: 1M
 Heap Min Capacity: 8M
 Heap Initial Capacity: 48M
 Heap Max Capacity: 2G
 Pre-touch: Disabled
 Parallel Workers: 4
 Concurrent Workers: 1
 Concurrent Refinement Workers: 4
 Periodic GC: Disabled
Heap:
 garbage-first heap   total 121856K, used 72043K [0x0000000080000000, 0x0000000100000000)
  region size 1024K, 2 young (2048K), 2 survivors (2048K)
 Metaspace       used 59314K, committed 59968K, reserved 1114112K
  class space    used 8118K, committed 8384K, reserved 1048576K
GC Heap History (20 events):
Event: 40.016 GC heap after
{Heap after GC invocations=31 (full 0):
 garbage-first heap   total 76800K, used 47419K [0x0000000080000000, 0x0000000100000000)
  region size 1024K, 2 young (2048K), 2 survivors (2048K)
 Metaspace       used 45180K, committed 45632K, reserved 1114112K
  class space    used 6081K, committed 6272K, reserved 1048576K
}
Event: 41.545 GC heap before
{Heap before GC invocations=32 (full 0):
 garbage-first heap   total 91136K, used 65851K [0x0000000080000000, 0x0000000100000000)
  region size 1024K, 16 young (16384K), 2 survivors (2048K)
 Metaspace       used 47800K, committed 48192K, reserved 1114112K
  class space    used 6349K, committed 6528K, reserved 1048576K
}
Event: 41.552 GC heap after
{Heap after GC invocations=33 (full 0):
 garbage-first heap   total 91136K, used 48402K [0x0000000080000000, 0x0000000100000000)
  region size 1024K, 2 young (2048K), 2 survivors (2048K)
 Metaspace       used 47800K, committed 48192K, reserved 1114112K
  class space    used 6349K, committed 6528K, reserved 1048576K
}
Event: 42.802 GC heap before
{Heap before GC invocations=33 (full 0):
 garbage-first heap   total 91136K, used 70930K [0x0000000080000000, 0x0000000100000000)
  region size 1024K, 25 young (25600K), 2 survivors (2048K)
 Metaspace       used 50480K, committed 50880K, reserved 1114112K
  class space    used 6808K, committed 6976K, reserved 1048576K
}
Event: 42.809 GC heap after
{Heap after GC invocations=34 (full 0):
 garbage-first heap   total 91136K, used 49420K [0x0000000080000000, 0x0000000100000000)
  region size 1024K, 3 young (3072K), 3 survivors (3072K)
 Metaspace       used 50480K, committed 50880K, reserved 1114112K
  class space    used 6808K, committed 6976K, reserved 1048576K
}
Event: 43.724 GC heap before
{Heap before GC invocations=35 (full 0):
 garbage-first heap   total 91136K, used 56588K [0x0000000080000000, 0x0000000100000000)
  region size 1024K, 11 young (11264K), 3 survivors (3072K)
 Metaspace       used 50816K, committed 51264K, reserved 1114112K
  class space    used 6855K, committed 7040K, reserved 1048576K
}
Event: 43.732 GC heap after
{Heap after GC invocations=36 (full 0):
 garbage-first heap   total 91136K, used 50990K [0x0000000080000000, 0x0000000100000000)
  region size 1024K, 3 young (3072K), 3 survivors (3072K)
 Metaspace       used 50816K, committed 51264K, reserved 1114112K
  class space    used 6855K, committed 7040K, reserved 1048576K
}
Event: 44.325 GC heap before
{Heap before GC invocations=37 (full 0):
 garbage-first heap   total 94208K, used 64302K [0x0000000080000000, 0x0000000100000000)
  region size 1024K, 10 young (10240K), 3 survivors (3072K)
 Metaspace       used 51097K, committed 51584K, reserved 1114112K
  class space    used 6903K, committed 7104K, reserved 1048576K
}
Event: 44.340 GC heap after
{Heap after GC invocations=38 (full 0):
 garbage-first heap   total 94208K, used 61351K [0x0000000080000000, 0x0000000100000000)
  region size 1024K, 3 young (3072K), 3 survivors (3072K)
 Metaspace       used 51097K, committed 51584K, reserved 1114112K
  class space    used 6903K, committed 7104K, reserved 1048576K
}
Event: 44.836 GC heap before
{Heap before GC invocations=39 (full 0):
 garbage-first heap   total 114688K, used 70567K [0x0000000080000000, 0x0000000100000000)
  region size 1024K, 9 young (9216K), 3 survivors (3072K)
 Metaspace       used 51456K, committed 51968K, reserved 1114112K
  class space    used 6928K, committed 7168K, reserved 1048576K
}
Event: 44.843 GC heap after
{Heap after GC invocations=40 (full 0):
 garbage-first heap   total 114688K, used 68235K [0x0000000080000000, 0x0000000100000000)
  region size 1024K, 2 young (2048K), 2 survivors (2048K)
 Metaspace       used 51456K, committed 51968K, reserved 1114112K
  class space    used 6928K, committed 7168K, reserved 1048576K
}
Event: 45.933 GC heap before
{Heap before GC invocations=41 (full 0):
 garbage-first heap   total 121856K, used 84619K [0x0000000080000000, 0x0000000100000000)
  region size 1024K, 17 young (17408K), 2 survivors (2048K)
 Metaspace       used 53544K, committed 54144K, reserved 1114112K
  class space    used 7143K, committed 7424K, reserved 1048576K
}
Event: 45.938 GC heap after
{Heap after GC invocations=42 (full 0):
 garbage-first heap   total 121856K, used 68556K [0x0000000080000000, 0x0000000100000000)
  region size 1024K, 2 young (2048K), 2 survivors (2048K)
 Metaspace       used 53544K, committed 54144K, reserved 1114112K
  class space    used 7143K, committed 7424K, reserved 1048576K
}
Event: 46.984 GC heap before
{Heap before GC invocations=42 (full 0):
 garbage-first heap   total 121856K, used 89036K [0x0000000080000000, 0x0000000100000000)
  region size 1024K, 22 young (22528K), 2 survivors (2048K)
 Metaspace       used 54448K, committed 55104K, reserved 1114112K
  class space    used 7299K, committed 7616K, reserved 1048576K
}
Event: 46.999 GC heap after
{Heap after GC invocations=43 (full 0):
 garbage-first heap   total 121856K, used 69288K [0x0000000080000000, 0x0000000100000000)
  region size 1024K, 2 young (2048K), 2 survivors (2048K)
 Metaspace       used 54448K, committed 55104K, reserved 1114112K
  class space    used 7299K, committed 7616K, reserved 1048576K
}
Event: 48.044 GC heap before
{Heap before GC invocations=44 (full 0):
 garbage-first heap   total 121856K, used 91816K [0x0000000080000000, 0x0000000100000000)
  region size 1024K, 24 young (24576K), 2 survivors (2048K)
 Metaspace       used 56490K, committed 57088K, reserved 1114112K
  class space    used 7636K, committed 7936K, reserved 1048576K
}
Event: 48.057 GC heap after
{Heap after GC invocations=45 (full 0):
 garbage-first heap   total 121856K, used 71084K [0x0000000080000000, 0x0000000100000000)
  region size 1024K, 3 young (3072K), 3 survivors (3072K)
 Metaspace       used 56490K, committed 57088K, reserved 1114112K
  class space    used 7636K, committed 7936K, reserved 1048576K
}
Event: 48.126 GC heap before
{Heap before GC invocations=45 (full 0):
 garbage-first heap   total 121856K, used 72108K [0x0000000080000000, 0x0000000100000000)
  region size 1024K, 5 young (5120K), 3 survivors (3072K)
 Metaspace       used 56688K, committed 57216K, reserved 1114112K
  class space    used 7680K, committed 7936K, reserved 1048576K
}
Event: 48.155 GC heap after
{Heap after GC invocations=46 (full 0):
 garbage-first heap   total 121856K, used 71084K [0x0000000080000000, 0x0000000100000000)
  region size 1024K, 1 young (1024K), 1 survivors (1024K)
 Metaspace       used 56688K, committed 57216K, reserved 1114112K
  class space    used 7680K, committed 7936K, reserved 1048576K
}
Event: 48.928 GC heap before
{Heap before GC invocations=46 (full 0):
 garbage-first heap   total 121856K, used 94636K [0x0000000080000000, 0x0000000100000000)
  region size 1024K, 24 young (24576K), 1 survivors (1024K)
 Metaspace       used 59314K, committed 59968K, reserved 1114112K
  class space    used 8118K, committed 8384K, reserved 1048576K
}

